c:\dev\turbo\turbo\vendor\glfw\bin\debug-windows-${cfg.architecture}\glfw\glfw.pdb
c:\dev\turbo\turbo\vendor\glfw\bin\debug-windows-${cfg.architecture}\glfw\glfw.idb
c:\dev\turbo\turbo\vendor\glfw\bin-int\debug-windows-${cfg.architecture}\glfw\win32_window.obj
c:\dev\turbo\turbo\vendor\glfw\bin-int\debug-windows-${cfg.architecture}\glfw\win32_time.obj
c:\dev\turbo\turbo\vendor\glfw\bin-int\debug-windows-${cfg.architecture}\glfw\win32_thread.obj
c:\dev\turbo\turbo\vendor\glfw\bin-int\debug-windows-${cfg.architecture}\glfw\win32_monitor.obj
c:\dev\turbo\turbo\vendor\glfw\bin-int\debug-windows-${cfg.architecture}\glfw\win32_module.obj
c:\dev\turbo\turbo\vendor\glfw\bin-int\debug-windows-${cfg.architecture}\glfw\win32_joystick.obj
c:\dev\turbo\turbo\vendor\glfw\bin-int\debug-windows-${cfg.architecture}\glfw\win32_init.obj
c:\dev\turbo\turbo\vendor\glfw\bin-int\debug-windows-${cfg.architecture}\glfw\wgl_context.obj
c:\dev\turbo\turbo\vendor\glfw\bin-int\debug-windows-${cfg.architecture}\glfw\vulkan.obj
c:\dev\turbo\turbo\vendor\glfw\bin-int\debug-windows-${cfg.architecture}\glfw\platform.obj
c:\dev\turbo\turbo\vendor\glfw\bin-int\debug-windows-${cfg.architecture}\glfw\osmesa_context.obj
c:\dev\turbo\turbo\vendor\glfw\bin-int\debug-windows-${cfg.architecture}\glfw\null_window.obj
c:\dev\turbo\turbo\vendor\glfw\bin-int\debug-windows-${cfg.architecture}\glfw\null_monitor.obj
c:\dev\turbo\turbo\vendor\glfw\bin-int\debug-windows-${cfg.architecture}\glfw\null_joystick.obj
c:\dev\turbo\turbo\vendor\glfw\bin-int\debug-windows-${cfg.architecture}\glfw\null_init.obj
c:\dev\turbo\turbo\vendor\glfw\bin-int\debug-windows-${cfg.architecture}\glfw\monitor.obj
c:\dev\turbo\turbo\vendor\glfw\bin-int\debug-windows-${cfg.architecture}\glfw\input.obj
c:\dev\turbo\turbo\vendor\glfw\bin-int\debug-windows-${cfg.architecture}\glfw\init.obj
c:\dev\turbo\turbo\vendor\glfw\bin-int\debug-windows-${cfg.architecture}\glfw\egl_context.obj
c:\dev\turbo\turbo\vendor\glfw\bin-int\debug-windows-${cfg.architecture}\glfw\context.obj
c:\dev\turbo\turbo\vendor\glfw\bin-int\debug-windows-${cfg.architecture}\glfw\window.obj
c:\dev\turbo\turbo\vendor\glfw\bin\debug-windows-${cfg.architecture}\glfw\glfw.lib
c:\dev\turbo\turbo\vendor\glfw\bin-int\debug-windows-${cfg.architecture}\glfw\glfw.tlog\cl.command.1.tlog
c:\dev\turbo\turbo\vendor\glfw\bin-int\debug-windows-${cfg.architecture}\glfw\glfw.tlog\cl.read.1.tlog
c:\dev\turbo\turbo\vendor\glfw\bin-int\debug-windows-${cfg.architecture}\glfw\glfw.tlog\cl.write.1.tlog
c:\dev\turbo\turbo\vendor\glfw\bin-int\debug-windows-${cfg.architecture}\glfw\glfw.tlog\lib-link.read.1.tlog
c:\dev\turbo\turbo\vendor\glfw\bin-int\debug-windows-${cfg.architecture}\glfw\glfw.tlog\lib-link.write.1.tlog
c:\dev\turbo\turbo\vendor\glfw\bin-int\debug-windows-${cfg.architecture}\glfw\glfw.tlog\lib.command.1.tlog
